<?xml version="1.0" encoding="UTF-8"?>
<testsuite name="org.eclipse.digitaltwin.basyx.aasdiscoveryservice.backend.inmemory.TestInMemoryAasDiscoveryService" tests="6" skipped="0" failures="0" errors="0" timestamp="2024-07-23T07:43:47" hostname="LAP775" time="0.056">
  <properties/>
  <testcase name="deleteAllAssetLinksById" classname="org.eclipse.digitaltwin.basyx.aasdiscoveryservice.backend.inmemory.TestInMemoryAasDiscoveryService" time="0.043"/>
  <testcase name="deleteNonExistingAllAssetLinksById" classname="org.eclipse.digitaltwin.basyx.aasdiscoveryservice.backend.inmemory.TestInMemoryAasDiscoveryService" time="0.001"/>
  <testcase name="createAllAssetLinksById" classname="org.eclipse.digitaltwin.basyx.aasdiscoveryservice.backend.inmemory.TestInMemoryAasDiscoveryService" time="0.001"/>
  <testcase name="getAllAssetAdministrationShellIdsByAssetLink" classname="org.eclipse.digitaltwin.basyx.aasdiscoveryservice.backend.inmemory.TestInMemoryAasDiscoveryService" time="0.008"/>
  <testcase name="getAllAssetLinksById" classname="org.eclipse.digitaltwin.basyx.aasdiscoveryservice.backend.inmemory.TestInMemoryAasDiscoveryService" time="0.001"/>
  <testcase name="createExistingAllAssetLinksById" classname="org.eclipse.digitaltwin.basyx.aasdiscoveryservice.backend.inmemory.TestInMemoryAasDiscoveryService" time="0.001"/>
  <system-out><![CDATA[]]></system-out>
  <system-err><![CDATA[]]></system-err>
</testsuite>
