<?xml version="1.0" encoding="UTF-8"?>
<testsuite name="org.eclipse.digitaltwin.basyx.aasdiscoveryservice.backend.CrudAasDiscoveryTest" tests="1" skipped="0" failures="0" errors="0" timestamp="2024-07-23T07:43:46" hostname="LAP775" time="0.012">
  <properties/>
  <testcase name="getConfiguredAasDiscoveryName" classname="org.eclipse.digitaltwin.basyx.aasdiscoveryservice.backend.CrudAasDiscoveryTest" time="0.012"/>
  <system-out><![CDATA[]]></system-out>
  <system-err><![CDATA[]]></system-err>
</testsuite>
