<?xml version="1.0" encoding="UTF-8"?>
<testsuite name="org.eclipse.digitaltwin.basyx.aasdiscoveryservice.feature.authorization.TestAuthorizedAasDiscoveryServiceWildcard" tests="13" skipped="0" failures="0" errors="0" timestamp="2024-07-23T07:44:16" hostname="LAP775" time="1.086">
  <properties/>
  <testcase name="createAllAssetLinksById_withInsufficientPermissionRole" classname="org.eclipse.digitaltwin.basyx.aasdiscoveryservice.feature.authorization.TestAuthorizedAasDiscoveryServiceWildcard" time="0.28"/>
  <testcase name="deleteAllAssetLinksById_withNoAuthorization" classname="org.eclipse.digitaltwin.basyx.aasdiscoveryservice.feature.authorization.TestAuthorizedAasDiscoveryServiceWildcard" time="0.014"/>
  <testcase name="getAllAssetLinkByIdUrl_withCorrectRoleAndPermission" classname="org.eclipse.digitaltwin.basyx.aasdiscoveryservice.feature.authorization.TestAuthorizedAasDiscoveryServiceWildcard" time="0.118"/>
  <testcase name="createAllAssetLinksById_withCorrectRoleAndPermission" classname="org.eclipse.digitaltwin.basyx.aasdiscoveryservice.feature.authorization.TestAuthorizedAasDiscoveryServiceWildcard" time="0.132"/>
  <testcase name="getAllAasIdsByAssetLink_withInsufficientPermissionRole" classname="org.eclipse.digitaltwin.basyx.aasdiscoveryservice.feature.authorization.TestAuthorizedAasDiscoveryServiceWildcard" time="0.13"/>
  <testcase name="deleteAllAssetLinksById_withInsufficientPermissionRole" classname="org.eclipse.digitaltwin.basyx.aasdiscoveryservice.feature.authorization.TestAuthorizedAasDiscoveryServiceWildcard" time="0.09"/>
  <testcase name="getAllAssetLinkByIdUrl_withInsufficientPermissionRole" classname="org.eclipse.digitaltwin.basyx.aasdiscoveryservice.feature.authorization.TestAuthorizedAasDiscoveryServiceWildcard" time="0.092"/>
  <testcase name="createAllAssetLinksById_withNoAuthorization" classname="org.eclipse.digitaltwin.basyx.aasdiscoveryservice.feature.authorization.TestAuthorizedAasDiscoveryServiceWildcard" time="0.011"/>
  <testcase name="getAllAssetLinkByIdUrl_withNoAuthorization" classname="org.eclipse.digitaltwin.basyx.aasdiscoveryservice.feature.authorization.TestAuthorizedAasDiscoveryServiceWildcard" time="0.007"/>
  <testcase name="deleteAllAssetLinksById_withCorrectRoleAndPermission" classname="org.eclipse.digitaltwin.basyx.aasdiscoveryservice.feature.authorization.TestAuthorizedAasDiscoveryServiceWildcard" time="0.101"/>
  <testcase name="getAllAasIdsByAssetLink_withCorrectRoleAndPermission" classname="org.eclipse.digitaltwin.basyx.aasdiscoveryservice.feature.authorization.TestAuthorizedAasDiscoveryServiceWildcard" time="0.086"/>
  <testcase name="healthEndpointWithoutAuthorization" classname="org.eclipse.digitaltwin.basyx.aasdiscoveryservice.feature.authorization.TestAuthorizedAasDiscoveryServiceWildcard" time="0.017"/>
  <testcase name="getAllAasIdsByAssetLink_withNoAuthorization" classname="org.eclipse.digitaltwin.basyx.aasdiscoveryservice.feature.authorization.TestAuthorizedAasDiscoveryServiceWildcard" time="0.007"/>
  <system-out><![CDATA[  ____           _____                _______          _   
 |  _ \         / ____|              |__   __|        | |  
 | |_) |  __ _ | (___   _   _ __  __    | |  ___  ___ | |_ 
 |  _ <  / _` | \___ \ | | | |\ \/ /    | | / _ \/ __|| __|
 | |_) || (_| | ____) || |_| | >  <     | ||  __/\__ \| |_ 
 |____/  \__,_||_____/  \__, |/_/\_\    |_| \___||___/ \__|                               
======================== __/ |==============================     
Aas Discovery Service   |___/                  
2.0.0-PREVIEW
2024-07-23T09:44:15.416+02:00  INFO 25776 --- [    Test worker] w.o.g.p.i.worker.GradleWorkerMain        : Starting GradleWorkerMain using Java 17.0.11 with PID 25776 (started by fried in C:\Users\fried\Documents\BaSyx\BaSyx-Repos\basyx-java-server-sdk\basyx.aasdiscoveryservice\basyx.aasdiscoveryservice-feature-authorization)
2024-07-23T09:44:15.416+02:00  INFO 25776 --- [    Test worker] w.o.g.p.i.worker.GradleWorkerMain        : The following 1 profile is active: "wildcard"
2024-07-23T09:44:16.340+02:00  INFO 25776 --- [    Test worker] o.s.b.w.embedded.tomcat.TomcatWebServer  : Tomcat initialized with port(s): 8081 (http)
2024-07-23T09:44:16.342+02:00  INFO 25776 --- [    Test worker] o.apache.catalina.core.StandardService   : Starting service [Tomcat]
2024-07-23T09:44:16.343+02:00  INFO 25776 --- [    Test worker] o.apache.catalina.core.StandardEngine    : Starting Servlet engine: [Apache Tomcat/10.1.13]
2024-07-23T09:44:16.424+02:00  INFO 25776 --- [    Test worker] o.a.c.c.C.[Tomcat].[localhost].[/]       : Initializing Spring embedded WebApplicationContext
2024-07-23T09:44:16.425+02:00  INFO 25776 --- [    Test worker] w.s.c.ServletWebServerApplicationContext : Root WebApplicationContext: initialization completed in 1003 ms
2024-07-23T09:44:16.517+02:00  INFO 25776 --- [    Test worker] org.reflections.Reflections              : Reflections took 33 ms to scan 13 urls, producing 55 keys and 112 values
2024-07-23T09:44:16.708+02:00  INFO 25776 --- [    Test worker] o.s.b.a.e.web.EndpointLinksResolver      : Exposing 1 endpoint(s) beneath base path '/actuator'
2024-07-23T09:44:16.727+02:00  INFO 25776 --- [    Test worker] o.s.s.web.DefaultSecurityFilterChain     : Will secure any request with [org.springframework.security.web.session.DisableEncodeUrlFilter@6a8da5c5, org.springframework.security.web.context.request.async.WebAsyncManagerIntegrationFilter@160e45c8, org.springframework.security.web.context.SecurityContextHolderFilter@178ebac3, org.springframework.security.web.header.HeaderWriterFilter@6d4c7248, org.springframework.security.web.csrf.CsrfFilter@43e86c0c, org.springframework.security.web.authentication.logout.LogoutFilter@15a8bbe5, org.springframework.security.oauth2.server.resource.web.authentication.BearerTokenAuthenticationFilter@3a2a56f6, org.springframework.security.web.savedrequest.RequestCacheAwareFilter@17063c32, org.springframework.security.web.servletapi.SecurityContextHolderAwareRequestFilter@79c2bc34, org.springframework.security.web.authentication.AnonymousAuthenticationFilter@7f9dbe11, org.springframework.security.web.access.ExceptionTranslationFilter@c6c58ce, org.springframework.security.web.access.intercept.AuthorizationFilter@5f26cb8b]
2024-07-23T09:44:16.858+02:00  INFO 25776 --- [    Test worker] o.s.b.w.embedded.tomcat.TomcatWebServer  : Tomcat started on port(s): 8081 (http) with context path ''
2024-07-23T09:44:16.870+02:00  INFO 25776 --- [    Test worker] w.o.g.p.i.worker.GradleWorkerMain        : Started GradleWorkerMain in 1.525 seconds (process running for 17.359)
2024-07-23T09:44:17.034+02:00  INFO 25776 --- [nio-8081-exec-1] o.a.c.c.C.[Tomcat].[localhost].[/]       : Initializing Spring DispatcherServlet 'dispatcherServlet'
2024-07-23T09:44:17.035+02:00  INFO 25776 --- [nio-8081-exec-1] o.s.web.servlet.DispatcherServlet        : Initializing Servlet 'dispatcherServlet'
2024-07-23T09:44:17.037+02:00  INFO 25776 --- [nio-8081-exec-1] o.s.web.servlet.DispatcherServlet        : Completed initialization in 1 ms
2024-07-23T09:44:17.148+02:00  INFO 25776 --- [nio-8081-exec-1] o.e.d.b.a.r.SimpleRbacPermissionResolver : roles: [basyx-updater, offline_access, default-roles-basyx, uma_authorization], action: CREATE, targetInfo: AasDiscoveryServiceTargetInformation [aasIds=[TestAasID2], assetIds=null] - matching-rule?: Optional.empty
2024-07-23T09:44:17.279+02:00  INFO 25776 --- [nio-8081-exec-3] o.e.d.b.a.r.SimpleRbacPermissionResolver : roles: [offline_access, default-roles-basyx, uma_authorization, basyx-assetid-discoverer], action: READ, targetInfo: AasDiscoveryServiceTargetInformation [aasIds=[TestAasID1], assetIds=null] - matching-rule?: Optional[RbacRule{role='basyx-assetid-discoverer', action='[READ]', targetInformation='AasDiscoveryServiceTargetInformation [aasIds=[*], assetIds=[]]'}]
2024-07-23T09:44:17.413+02:00  INFO 25776 --- [nio-8081-exec-4] o.e.d.b.a.r.SimpleRbacPermissionResolver : roles: [offline_access, default-roles-basyx, basyx-assetid-creator, uma_authorization], action: CREATE, targetInfo: AasDiscoveryServiceTargetInformation [aasIds=[TestAasID2], assetIds=null] - matching-rule?: Optional[RbacRule{role='basyx-assetid-creator', action='[CREATE]', targetInformation='AasDiscoveryServiceTargetInformation [aasIds=[*], assetIds=[]]'}]
2024-07-23T09:44:17.545+02:00  INFO 25776 --- [nio-8081-exec-5] o.e.d.b.a.r.SimpleRbacPermissionResolver : roles: [basyx-updater, offline_access, default-roles-basyx, uma_authorization], action: READ, targetInfo: AasDiscoveryServiceTargetInformation [aasIds=null, assetIds=[]] - matching-rule?: Optional.empty
2024-07-23T09:44:17.635+02:00  INFO 25776 --- [nio-8081-exec-6] o.e.d.b.a.r.SimpleRbacPermissionResolver : roles: [basyx-updater, offline_access, default-roles-basyx, uma_authorization], action: DELETE, targetInfo: AasDiscoveryServiceTargetInformation [aasIds=[TestAasID1], assetIds=null] - matching-rule?: Optional.empty
2024-07-23T09:44:17.726+02:00  INFO 25776 --- [nio-8081-exec-7] o.e.d.b.a.r.SimpleRbacPermissionResolver : roles: [basyx-updater, offline_access, default-roles-basyx, uma_authorization], action: READ, targetInfo: AasDiscoveryServiceTargetInformation [aasIds=[TestAasID1], assetIds=null] - matching-rule?: Optional.empty
2024-07-23T09:44:17.846+02:00  INFO 25776 --- [io-8081-exec-10] o.e.d.b.a.r.SimpleRbacPermissionResolver : roles: [offline_access, default-roles-basyx, basyx-assetid-deleter, uma_authorization], action: DELETE, targetInfo: AasDiscoveryServiceTargetInformation [aasIds=[TestAasID1], assetIds=null] - matching-rule?: Optional[RbacRule{role='basyx-assetid-deleter', action='[DELETE]', targetInformation='AasDiscoveryServiceTargetInformation [aasIds=[*], assetIds=[]]'}]
2024-07-23T09:44:17.931+02:00  INFO 25776 --- [nio-8081-exec-1] o.e.d.b.a.r.SimpleRbacPermissionResolver : roles: [offline_access, default-roles-basyx, basyx-aas-discoverer, uma_authorization], action: READ, targetInfo: AasDiscoveryServiceTargetInformation [aasIds=null, assetIds=[]] - matching-rule?: Optional[RbacRule{role='basyx-aas-discoverer', action='[READ]', targetInformation='AasDiscoveryServiceTargetInformation [aasIds=null, assetIds=[org.eclipse.digitaltwin.basyx.aasdiscoveryservice.core.model.AssetLink@901]]'}]
2024-07-23T09:44:17.991+02:00  INFO 25776 --- [    Test worker] o.apache.catalina.core.StandardService   : Stopping service [Tomcat]
2024-07-23T09:44:17.992+02:00  INFO 25776 --- [    Test worker] o.a.c.c.C.[Tomcat].[localhost].[/]       : Destroying Spring FrameworkServlet 'dispatcherServlet'
]]></system-out>
  <system-err><![CDATA[]]></system-err>
</testsuite>
