<?xml version="1.0" encoding="UTF-8"?>
<testsuite name="org.eclipse.digitaltwin.basyx.aasdiscoveryservice.feature.authorization.TestAuthorizedAasDiscoveryServiceSpecific" tests="13" skipped="0" failures="0" errors="0" timestamp="2024-07-23T07:44:11" hostname="LAP775" time="3.634">
  <properties/>
  <testcase name="createAllAssetLinksById_withInsufficientPermissionRole" classname="org.eclipse.digitaltwin.basyx.aasdiscoveryservice.feature.authorization.TestAuthorizedAasDiscoveryServiceSpecific" time="2.335"/>
  <testcase name="deleteAllAssetLinksById_withNoAuthorization" classname="org.eclipse.digitaltwin.basyx.aasdiscoveryservice.feature.authorization.TestAuthorizedAasDiscoveryServiceSpecific" time="0.26"/>
  <testcase name="getAllAssetLinkByIdUrl_withCorrectRoleAndPermission" classname="org.eclipse.digitaltwin.basyx.aasdiscoveryservice.feature.authorization.TestAuthorizedAasDiscoveryServiceSpecific" time="0.193"/>
  <testcase name="createAllAssetLinksById_withCorrectRoleAndPermission" classname="org.eclipse.digitaltwin.basyx.aasdiscoveryservice.feature.authorization.TestAuthorizedAasDiscoveryServiceSpecific" time="0.133"/>
  <testcase name="getAllAasIdsByAssetLink_withInsufficientPermissionRole" classname="org.eclipse.digitaltwin.basyx.aasdiscoveryservice.feature.authorization.TestAuthorizedAasDiscoveryServiceSpecific" time="0.15"/>
  <testcase name="deleteAllAssetLinksById_withInsufficientPermissionRole" classname="org.eclipse.digitaltwin.basyx.aasdiscoveryservice.feature.authorization.TestAuthorizedAasDiscoveryServiceSpecific" time="0.144"/>
  <testcase name="getAllAssetLinkByIdUrl_withInsufficientPermissionRole" classname="org.eclipse.digitaltwin.basyx.aasdiscoveryservice.feature.authorization.TestAuthorizedAasDiscoveryServiceSpecific" time="0.128"/>
  <testcase name="createAllAssetLinksById_withNoAuthorization" classname="org.eclipse.digitaltwin.basyx.aasdiscoveryservice.feature.authorization.TestAuthorizedAasDiscoveryServiceSpecific" time="0.013"/>
  <testcase name="getAllAssetLinkByIdUrl_withNoAuthorization" classname="org.eclipse.digitaltwin.basyx.aasdiscoveryservice.feature.authorization.TestAuthorizedAasDiscoveryServiceSpecific" time="0.011"/>
  <testcase name="deleteAllAssetLinksById_withCorrectRoleAndPermission" classname="org.eclipse.digitaltwin.basyx.aasdiscoveryservice.feature.authorization.TestAuthorizedAasDiscoveryServiceSpecific" time="0.092"/>
  <testcase name="getAllAasIdsByAssetLink_withCorrectRoleAndPermission" classname="org.eclipse.digitaltwin.basyx.aasdiscoveryservice.feature.authorization.TestAuthorizedAasDiscoveryServiceSpecific" time="0.116"/>
  <testcase name="healthEndpointWithoutAuthorization" classname="org.eclipse.digitaltwin.basyx.aasdiscoveryservice.feature.authorization.TestAuthorizedAasDiscoveryServiceSpecific" time="0.049"/>
  <testcase name="getAllAasIdsByAssetLink_withNoAuthorization" classname="org.eclipse.digitaltwin.basyx.aasdiscoveryservice.feature.authorization.TestAuthorizedAasDiscoveryServiceSpecific" time="0.007"/>
  <system-out><![CDATA[  ____           _____                _______          _   
 |  _ \         / ____|              |__   __|        | |  
 | |_) |  __ _ | (___   _   _ __  __    | |  ___  ___ | |_ 
 |  _ <  / _` | \___ \ | | | |\ \/ /    | | / _ \/ __|| __|
 | |_) || (_| | ____) || |_| | >  <     | ||  __/\__ \| |_ 
 |____/  \__,_||_____/  \__, |/_/\_\    |_| \___||___/ \__|                               
======================== __/ |==============================     
Aas Discovery Service   |___/                  
2.0.0-PREVIEW
2024-07-23T09:44:01.711+02:00  INFO 25776 --- [    Test worker] w.o.g.p.i.worker.GradleWorkerMain        : Starting GradleWorkerMain using Java 17.0.11 with PID 25776 (started by fried in C:\Users\fried\Documents\BaSyx\BaSyx-Repos\basyx-java-server-sdk\basyx.aasdiscoveryservice\basyx.aasdiscoveryservice-feature-authorization)
2024-07-23T09:44:01.717+02:00  INFO 25776 --- [    Test worker] w.o.g.p.i.worker.GradleWorkerMain        : The following 1 profile is active: "specific"
2024-07-23T09:44:06.205+02:00  INFO 25776 --- [    Test worker] o.s.b.w.embedded.tomcat.TomcatWebServer  : Tomcat initialized with port(s): 8081 (http)
2024-07-23T09:44:06.231+02:00  INFO 25776 --- [    Test worker] o.apache.catalina.core.StandardService   : Starting service [Tomcat]
2024-07-23T09:44:06.232+02:00  INFO 25776 --- [    Test worker] o.apache.catalina.core.StandardEngine    : Starting Servlet engine: [Apache Tomcat/10.1.13]
2024-07-23T09:44:06.471+02:00  INFO 25776 --- [    Test worker] o.a.c.c.C.[Tomcat].[localhost].[/]       : Initializing Spring embedded WebApplicationContext
2024-07-23T09:44:06.473+02:00  INFO 25776 --- [    Test worker] w.s.c.ServletWebServerApplicationContext : Root WebApplicationContext: initialization completed in 4652 ms
2024-07-23T09:44:09.300+02:00  INFO 25776 --- [    Test worker] org.reflections.Reflections              : Reflections took 227 ms to scan 13 urls, producing 55 keys and 112 values
2024-07-23T09:44:10.866+02:00  INFO 25776 --- [    Test worker] o.s.b.a.e.web.EndpointLinksResolver      : Exposing 1 endpoint(s) beneath base path '/actuator'
2024-07-23T09:44:11.040+02:00  INFO 25776 --- [    Test worker] o.s.s.web.DefaultSecurityFilterChain     : Will secure any request with [org.springframework.security.web.session.DisableEncodeUrlFilter@3f45dfec, org.springframework.security.web.context.request.async.WebAsyncManagerIntegrationFilter@7c69e1e1, org.springframework.security.web.context.SecurityContextHolderFilter@5d58dc61, org.springframework.security.web.header.HeaderWriterFilter@11bfd751, org.springframework.security.web.csrf.CsrfFilter@be616f0, org.springframework.security.web.authentication.logout.LogoutFilter@65ef9a0a, org.springframework.security.oauth2.server.resource.web.authentication.BearerTokenAuthenticationFilter@5604b85, org.springframework.security.web.savedrequest.RequestCacheAwareFilter@17df689e, org.springframework.security.web.servletapi.SecurityContextHolderAwareRequestFilter@70f98f7a, org.springframework.security.web.authentication.AnonymousAuthenticationFilter@7b52b18a, org.springframework.security.web.access.ExceptionTranslationFilter@718f3088, org.springframework.security.web.access.intercept.AuthorizationFilter@8d810f2]
2024-07-23T09:44:11.596+02:00  INFO 25776 --- [    Test worker] o.s.b.w.embedded.tomcat.TomcatWebServer  : Tomcat started on port(s): 8081 (http) with context path ''
2024-07-23T09:44:11.627+02:00  INFO 25776 --- [    Test worker] w.o.g.p.i.worker.GradleWorkerMain        : Started GradleWorkerMain in 10.585 seconds (process running for 12.116)
2024-07-23T09:44:12.708+02:00  INFO 25776 --- [nio-8081-exec-1] o.a.c.c.C.[Tomcat].[localhost].[/]       : Initializing Spring DispatcherServlet 'dispatcherServlet'
2024-07-23T09:44:12.709+02:00  INFO 25776 --- [nio-8081-exec-1] o.s.web.servlet.DispatcherServlet        : Initializing Servlet 'dispatcherServlet'
2024-07-23T09:44:12.712+02:00  INFO 25776 --- [nio-8081-exec-1] o.s.web.servlet.DispatcherServlet        : Completed initialization in 3 ms
2024-07-23T09:44:13.929+02:00  INFO 25776 --- [nio-8081-exec-1] o.e.d.b.a.r.SimpleRbacPermissionResolver : roles: [basyx-updater, offline_access, default-roles-basyx, uma_authorization], action: CREATE, targetInfo: AasDiscoveryServiceTargetInformation [aasIds=[TestAasID2], assetIds=null] - matching-rule?: Optional.empty
2024-07-23T09:44:14.203+02:00  WARN 25776 --- [nio-8081-exec-2] o.a.c.util.SessionIdGeneratorBase        : Creation of SecureRandom instance for session ID generation using [SHA1PRNG] took [208] milliseconds.
2024-07-23T09:44:14.371+02:00  INFO 25776 --- [nio-8081-exec-3] o.e.d.b.a.r.SimpleRbacPermissionResolver : roles: [offline_access, default-roles-basyx, uma_authorization, basyx-assetid-discoverer], action: READ, targetInfo: AasDiscoveryServiceTargetInformation [aasIds=[TestAasID1], assetIds=null] - matching-rule?: Optional[RbacRule{role='basyx-assetid-discoverer', action='[READ]', targetInformation='AasDiscoveryServiceTargetInformation [aasIds=[TestAasID1], assetIds=[]]'}]
2024-07-23T09:44:14.555+02:00  INFO 25776 --- [nio-8081-exec-4] o.e.d.b.a.r.SimpleRbacPermissionResolver : roles: [offline_access, default-roles-basyx, basyx-assetid-creator, uma_authorization], action: CREATE, targetInfo: AasDiscoveryServiceTargetInformation [aasIds=[TestAasID2], assetIds=null] - matching-rule?: Optional[RbacRule{role='basyx-assetid-creator', action='[CREATE]', targetInformation='AasDiscoveryServiceTargetInformation [aasIds=[TestAasID2], assetIds=[]]'}]
2024-07-23T09:44:14.701+02:00  INFO 25776 --- [nio-8081-exec-5] o.e.d.b.a.r.SimpleRbacPermissionResolver : roles: [basyx-updater, offline_access, default-roles-basyx, uma_authorization], action: READ, targetInfo: AasDiscoveryServiceTargetInformation [aasIds=null, assetIds=[]] - matching-rule?: Optional.empty
2024-07-23T09:44:14.850+02:00  INFO 25776 --- [nio-8081-exec-6] o.e.d.b.a.r.SimpleRbacPermissionResolver : roles: [basyx-updater, offline_access, default-roles-basyx, uma_authorization], action: DELETE, targetInfo: AasDiscoveryServiceTargetInformation [aasIds=[TestAasID1], assetIds=null] - matching-rule?: Optional.empty
2024-07-23T09:44:14.977+02:00  INFO 25776 --- [nio-8081-exec-7] o.e.d.b.a.r.SimpleRbacPermissionResolver : roles: [basyx-updater, offline_access, default-roles-basyx, uma_authorization], action: READ, targetInfo: AasDiscoveryServiceTargetInformation [aasIds=[TestAasID1], assetIds=null] - matching-rule?: Optional.empty
2024-07-23T09:44:15.094+02:00  INFO 25776 --- [io-8081-exec-10] o.e.d.b.a.r.SimpleRbacPermissionResolver : roles: [offline_access, default-roles-basyx, basyx-assetid-deleter, uma_authorization], action: DELETE, targetInfo: AasDiscoveryServiceTargetInformation [aasIds=[TestAasID1], assetIds=null] - matching-rule?: Optional[RbacRule{role='basyx-assetid-deleter', action='[DELETE]', targetInformation='AasDiscoveryServiceTargetInformation [aasIds=[TestAasID1], assetIds=[]]'}]
2024-07-23T09:44:15.199+02:00  INFO 25776 --- [nio-8081-exec-1] o.e.d.b.a.r.SimpleRbacPermissionResolver : roles: [offline_access, default-roles-basyx, basyx-aas-discoverer, uma_authorization], action: READ, targetInfo: AasDiscoveryServiceTargetInformation [aasIds=null, assetIds=[]] - matching-rule?: Optional[RbacRule{role='basyx-aas-discoverer', action='[READ]', targetInformation='AasDiscoveryServiceTargetInformation [aasIds=null, assetIds=[org.eclipse.digitaltwin.basyx.aasdiscoveryservice.core.model.AssetLink@eb0094af]]'}]
2024-07-23T09:44:15.311+02:00  INFO 25776 --- [    Test worker] o.apache.catalina.core.StandardService   : Stopping service [Tomcat]
2024-07-23T09:44:15.314+02:00  INFO 25776 --- [    Test worker] o.a.c.c.C.[Tomcat].[localhost].[/]       : Destroying Spring FrameworkServlet 'dispatcherServlet'
]]></system-out>
  <system-err><![CDATA[]]></system-err>
</testsuite>
